#
# There is insufficient memory for the Java Runtime Environment to continue.
# Native memory allocation (mmap) failed to map 37748736 bytes for committing reserved memory.
# Possible reasons:
#   The system is out of physical RAM or swap space
#   The process is running with CompressedOops enabled, and the Java Heap may be blocking the growth of the native heap
# Possible solutions:
#   Reduce memory load on the system
#   Increase physical memory or swap space
#   Check if swap backing store is full
#   Decrease Java heap size (-Xmx/-Xms)
#   Decrease number of Java threads
#   Decrease Java thread stack sizes (-Xss)
#   Set larger code cache with -XX:ReservedCodeCacheSize=
#   JVM is running with Unscaled Compressed Oops mode in which the Java heap is
#     placed in the first 4GB address space. The Java Heap base address is the
#     maximum limit for the native heap growth. Please use -XX:HeapBaseMinAddress
#     to set the Java Heap base and to place the Java Heap above 4GB virtual address.
# This output file may be truncated or incomplete.
#
#  Out of Memory Error (os_linux.cpp:2784), pid=19217, tid=19220
#
# JRE version: OpenJDK Runtime Environment Temurin-17.0.4.1+1 (17.0.4.1+1) (build 17.0.4.1+1)
# Java VM: OpenJDK 64-Bit Server VM Temurin-17.0.4.1+1 (17.0.4.1+1, mixed mode, tiered, compressed oops, compressed class ptrs, parallel gc, linux-amd64)
# No core dump will be written. Core dumps have been disabled. To enable core dumping, try "ulimit -c unlimited" before starting Java again
#

---------------  S U M M A R Y ------------

Command Line: --add-modules=ALL-SYSTEM --add-opens=java.base/java.util=ALL-UNNAMED --add-opens=java.base/java.lang=ALL-UNNAMED --add-opens=java.base/sun.nio.fs=ALL-UNNAMED -Declipse.application=org.eclipse.jdt.ls.core.id1 -Dosgi.bundles.defaultStartLevel=4 -Declipse.product=org.eclipse.jdt.ls.core.product -Djava.import.generatesMetadataFilesAtProjectRoot=false -Dfile.encoding=utf8 -XX:+UseParallelGC -XX:GCTimeRatio=4 -XX:AdaptiveSizePolicyWeight=90 -Dsun.zip.disableMemoryMapping=true -Xmx1G -Xms100m -Xlog:disable -javaagent:/home/mininet/.vscode-server/extensions/redhat.java-1.12.0-linux-x64/lombok/lombok-1.18.24.jar -XX:+HeapDumpOnOutOfMemoryError -XX:HeapDumpPath=/home/mininet/.vscode-server/data/User/workspaceStorage/f2e43797cc976e56f3d55982a4907c85/redhat.java /home/mininet/.vscode-server/extensions/redhat.java-1.12.0-linux-x64/server/plugins/org.eclipse.equinox.launcher_1.6.400.v20210924-0641.jar -configuration /home/mininet/.vscode-server/data/User/globalStorage/redhat.java/1.12.0/config_linux -data /home/mininet/.vscode-server/data/User/workspaceStorage/f2e43797cc976e56f3d55982a4907c85/redhat.java/jdt_ws

Host: AMD Ryzen 7 5800H with Radeon Graphics, 1 cores, 985M, Ubuntu 18.04.5 LTS
Time: Sun Nov  6 13:14:54 2022 PST elapsed time: 12.353610 seconds (0d 0h 0m 12s)

---------------  T H R E A D  ---------------

Current thread (0x00007f5cf00eeb40):  VMThread "VM Thread" [stack: 0x00007f5cd9dff000,0x00007f5cd9eff000] [id=19220]

Stack: [0x00007f5cd9dff000,0x00007f5cd9eff000],  sp=0x00007f5cd9efd0e0,  free space=1016k
Native frames: (J=compiled Java code, j=interpreted, Vv=VM code, C=native code)
V  [libjvm.so+0xed8f51]  VMError::report_and_die(int, char const*, char const*, __va_list_tag*, Thread*, unsigned char*, void*, void*, char const*, int, unsigned long)+0x1a1
V  [libjvm.so+0xed9b1d]  VMError::report_and_die(Thread*, char const*, int, unsigned long, VMErrorType, char const*, __va_list_tag*)+0x2d
V  [libjvm.so+0x603823]  report_vm_out_of_memory(char const*, int, unsigned long, VMErrorType, char const*, ...)+0xc3
V  [libjvm.so+0xc13729]  os::pd_commit_memory(char*, unsigned long, unsigned long, bool)+0xd9
V  [libjvm.so+0xc0c55f]  os::commit_memory(char*, unsigned long, unsigned long, bool)+0x1f
V  [libjvm.so+0xc8ebeb]  PSVirtualSpace::expand_by(unsigned long)+0x4b
V  [libjvm.so+0xc7d27c]  PSOldGen::expand_by(unsigned long)+0x1c
V  [libjvm.so+0xc7d3d6]  PSOldGen::expand(unsigned long)+0x76
V  [libjvm.so+0xc7d82d]  PSOldGen::resize(unsigned long)+0x13d
V  [libjvm.so+0xc8400e]  PSParallelCompact::invoke_no_policy(bool) [clone .part.0]+0x6de
V  [libjvm.so+0xc8c97f]  PSScavenge::invoke()+0x13f
V  [libjvm.so+0xc33a5a]  ParallelScavengeHeap::failed_mem_allocate(unsigned long)+0x2a
V  [libjvm.so+0xc8ea0b]  VM_ParallelGCFailedAllocation::doit()+0x4b
V  [libjvm.so+0xede47a]  VM_Operation::evaluate()+0xea
V  [libjvm.so+0xedfe23]  VMThread::evaluate_operation(VM_Operation*)+0x103
V  [libjvm.so+0xee0374]  VMThread::inner_execute(VM_Operation*)+0x1d4
V  [libjvm.so+0xee065f]  VMThread::run()+0xbf
V  [libjvm.so+0xe5c99e]  Thread::call_run()+0xde
V  [libjvm.so+0xc16351]  thread_native_entry(Thread*)+0xe1

VM_Operation (0x00007f5cc31fbdf0): ParallelGCFailedAllocation, mode: safepoint, requested by thread 0x00005563e71908d0


---------------  P R O C E S S  ---------------

Threads class SMR info:
_java_thread_list=0x00007f5cd002d5d0, length=28, elements={
0x00007f5cf0027d70, 0x00007f5cf00fe750, 0x00007f5cf00ffcc0, 0x00007f5cf0127080,
0x00007f5cf012a990, 0x00007f5cf012b8e0, 0x00007f5cf012cf30, 0x00007f5cf012e3e0,
0x00007f5cf012f820, 0x00007f5cf01d5cc0, 0x00007f5cf02cb3a0, 0x00007f5cf0350820,
0x00007f5cf043ca00, 0x00007f5cf0498140, 0x00007f5cf049a990, 0x00005563e6441370,
0x00005563e696abe0, 0x00005563e6a08ad0, 0x00005563e6a22920, 0x00007f5ccc001870,
0x00005563e71908d0, 0x00007f5ccc0116f0, 0x00007f5cf049d690, 0x00007f5cf04abfb0,
0x00007f5cf0521d50, 0x00005563e79e0080, 0x00007f5cc8068680, 0x00007f5cd002e720
}

Java Threads: ( => current thread )
  0x00007f5cf0027d70 JavaThread "main" [_thread_blocked, id=19218, stack(0x00007f5cfa088000,0x00007f5cfa189000)]
  0x00007f5cf00fe750 JavaThread "Reference Handler" daemon [_thread_blocked, id=19221, stack(0x00007f5cd9cfc000,0x00007f5cd9dfd000)]
  0x00007f5cf00ffcc0 JavaThread "Finalizer" daemon [_thread_blocked, id=19222, stack(0x00007f5cd9bfb000,0x00007f5cd9cfc000)]
  0x00007f5cf0127080 JavaThread "Signal Dispatcher" daemon [_thread_blocked, id=19223, stack(0x00007f5cd97d1000,0x00007f5cd98d2000)]
  0x00007f5cf012a990 JavaThread "Service Thread" daemon [_thread_blocked, id=19224, stack(0x00007f5cd96d0000,0x00007f5cd97d1000)]
  0x00007f5cf012b8e0 JavaThread "Monitor Deflation Thread" daemon [_thread_blocked, id=19225, stack(0x00007f5cd95cf000,0x00007f5cd96d0000)]
  0x00007f5cf012cf30 JavaThread "C2 CompilerThread0" daemon [_thread_blocked, id=19226, stack(0x00007f5cd94ce000,0x00007f5cd95cf000)]
  0x00007f5cf012e3e0 JavaThread "C1 CompilerThread0" daemon [_thread_blocked, id=19227, stack(0x00007f5cd93cd000,0x00007f5cd94ce000)]
  0x00007f5cf012f820 JavaThread "Sweeper thread" daemon [_thread_blocked, id=19228, stack(0x00007f5cd92cc000,0x00007f5cd93cd000)]
  0x00007f5cf01d5cc0 JavaThread "Common-Cleaner" daemon [_thread_blocked, id=19229, stack(0x00007f5cd91cb000,0x00007f5cd92cc000)]
  0x00007f5cf02cb3a0 JavaThread "Notification Thread" daemon [_thread_blocked, id=19230, stack(0x00007f5cd90ca000,0x00007f5cd91cb000)]
  0x00007f5cf0350820 JavaThread "process reaper" daemon [_thread_blocked, id=19233, stack(0x00007f5ce0cc5000,0x00007f5ce0ce7000)]
  0x00007f5cf043ca00 JavaThread "Active Thread: Equinox Container: 108ee5c9-1203-4848-9be4-8f210523b5b8" [_thread_blocked, id=19235, stack(0x00007f5cd8ec7000,0x00007f5cd8fc8000)]
  0x00007f5cf0498140 JavaThread "Framework Event Dispatcher: Equinox Container: 108ee5c9-1203-4848-9be4-8f210523b5b8" daemon [_thread_blocked, id=19236, stack(0x00007f5cd8dc6000,0x00007f5cd8ec7000)]
  0x00007f5cf049a990 JavaThread "Start Level: Equinox Container: 108ee5c9-1203-4848-9be4-8f210523b5b8" daemon [_thread_blocked, id=19237, stack(0x00007f5cd8cc5000,0x00007f5cd8dc6000)]
  0x00005563e6441370 JavaThread "SCR Component Actor" daemon [_thread_blocked, id=19238, stack(0x00007f5cd80ed000,0x00007f5cd81ee000)]
  0x00005563e696abe0 JavaThread "Worker-JM" [_thread_blocked, id=19253, stack(0x00007f5cc3dfe000,0x00007f5cc3eff000)]
  0x00005563e6a08ad0 JavaThread "Worker-0: Java indexing... " [_thread_blocked, id=19258, stack(0x00007f5cc3cfd000,0x00007f5cc3dfe000)]
  0x00005563e6a22920 JavaThread "Worker-1" [_thread_blocked, id=19259, stack(0x00007f5cc32ff000,0x00007f5cc3400000)]
  0x00007f5ccc001870 JavaThread "Worker-2" [_thread_blocked, id=19260, stack(0x00007f5cc31fe000,0x00007f5cc32ff000)]
  0x00005563e71908d0 JavaThread "Java indexing" daemon [_thread_blocked, id=19261, stack(0x00007f5cc30fd000,0x00007f5cc31fe000)]
  0x00007f5ccc0116f0 JavaThread "Worker-3" [_thread_blocked, id=19262, stack(0x00007f5cc252c000,0x00007f5cc262d000)]
  0x00007f5cf049d690 JavaThread "Worker-4: Initialize workspace" [_thread_blocked, id=19263, stack(0x00007f5cc242b000,0x00007f5cc252c000)]
  0x00007f5cf04abfb0 JavaThread "pool-2-thread-1" [_thread_blocked, id=19264, stack(0x00007f5cc26ff000,0x00007f5cc2800000)]
  0x00007f5cf0521d50 JavaThread "pool-1-thread-1" [_thread_blocked, id=19265, stack(0x00007f5cc1aff000,0x00007f5cc1c00000)]
  0x00005563e79e0080 JavaThread "Worker-5" [_thread_blocked, id=19266, stack(0x00007f5cc19fe000,0x00007f5cc1aff000)]
  0x00007f5cc8068680 JavaThread "Thread-2" [_thread_blocked, id=19285, stack(0x00007f5cc3eff000,0x00007f5cc4000000)]
  0x00007f5cd002e720 JavaThread "Compiler Processing Task" daemon [_thread_blocked, id=19288, stack(0x00007f5cc0ade000,0x00007f5cc0bdf000)]

Other Threads:
=>0x00007f5cf00eeb40 VMThread "VM Thread" [stack: 0x00007f5cd9dff000,0x00007f5cd9eff000] [id=19220]
  0x00007f5cf0071720 WatcherThread [stack: 0x00007f5cd8fca000,0x00007f5cd90ca000] [id=19231]
  0x00007f5cf003e300 GCTaskThread "GC Thread#0" [stack: 0x00007f5cf4347000,0x00007f5cf4447000] [id=19219]

Threads with active compile tasks:
C2 CompilerThread0    12365 4985 % !   4       org.eclipse.jdt.internal.compiler.classfmt.ClassFileReader::<init> @ 63 (2113 bytes)

VM state: at safepoint (normal execution)

VM Mutex/Monitor currently owned by a thread:  ([mutex/lock_event])
[0x00007f5cf0022360] ExpandHeap_lock - owner thread: 0x00007f5cf00eeb40
[0x00007f5cf0022a60] Threads_lock - owner thread: 0x00007f5cf00eeb40
[0x00007f5cf0023210] Heap_lock - owner thread: 0x00005563e71908d0

Heap address: 0x00000000c0000000, size: 1024 MB, Compressed Oops mode: 32-bit

CDS archive(s) not mapped
Compressed class space mapped at: 0x0000000100000000-0x0000000140000000, reserved size: 1073741824
Narrow klass base: 0x0000000000000000, Narrow klass shift: 3, Narrow klass range: 0x140000000

GC Precious Log:
 CPUs: 1 total, 1 available
 Memory: 985M
 Large Page Support: Disabled
 NUMA Support: Disabled
 Compressed Oops: Enabled (32-bit)
 Alignments: Space 512K, Generation 512K, Heap 2M
 Heap Min Capacity: 100M
 Heap Initial Capacity: 100M
 Heap Max Capacity: 1G
 Pre-touch: Disabled
 Parallel Workers: 1

Heap:
 PSYoungGen      total 22016K, used 1432K [0x00000000eab00000, 0x00000000ec700000, 0x0000000100000000)
  eden space 15360K, 0% used [0x00000000eab00000,0x00000000eab00000,0x00000000eba00000)
  from space 6656K, 21% used [0x00000000ec080000,0x00000000ec1e6230,0x00000000ec700000)
  to   space 6656K, 0% used [0x00000000eba00000,0x00000000eba00000,0x00000000ec080000)
 ParOldGen       total 122880K, used 122447K [0x00000000c0000000, 0x00000000c7800000, 0x00000000eab00000)
  object space 122880K, 99% used [0x00000000c0000000,0x00000000c7793eb0,0x00000000c7800000)
 Metaspace       used 56606K, committed 57472K, reserved 1105920K
  class space    used 6041K, committed 6400K, reserved 1048576K

Card table byte_map: [0x00007f5cf4447000,0x00007f5cf4648000] _byte_map_base: 0x00007f5cf3e47000

Marking Bits: (ParMarkBitMap*) 0x00007f5cf952a520
 Begin Bits: [0x00007f5cda000000, 0x00007f5cdb000000)
 End Bits:   [0x00007f5cdb000000, 0x00007f5cdc000000)

Polling page: 0x00007f5cfa1a7000

Metaspace:

Usage:
  Non-class:     49.38 MB used.
      Class:      5.90 MB used.
       Both:     55.28 MB used.

Virtual space:
  Non-class space:       56.00 MB reserved,      49.88 MB ( 89%) committed,  7 nodes.
      Class space:        1.00 GB reserved,       6.25 MB ( <1%) committed,  1 nodes.
             Both:        1.05 GB reserved,      56.12 MB (  5%) committed. 

Chunk freelists:
   Non-Class:  1.99 MB
       Class:  1.57 MB
        Both:  3.56 MB

MaxMetaspaceSize: unlimited
CompressedClassSpaceSize: 1.00 GB
Initial GC threshold: 21.00 MB
Current GC threshold: 90.12 MB
CDS: off
MetaspaceReclaimPolicy: balanced
 - commit_granule_bytes: 65536.
 - commit_granule_words: 8192.
 - virtual_space_node_default_size: 1048576.
 - enlarge_chunks_in_place: 1.
 - new_chunks_are_fully_committed: 0.
 - uncommit_free_chunks: 1.
 - use_allocation_guard: 0.
 - handle_deallocations: 1.


Internal statistics:

num_allocs_failed_limit: 14.
num_arena_births: 396.
num_arena_deaths: 14.
num_vsnodes_births: 8.
num_vsnodes_deaths: 0.
num_space_committed: 898.
num_space_uncommitted: 0.
num_chunks_returned_to_freelist: 35.
num_chunks_taken_from_freelist: 2410.
num_chunk_merges: 20.
num_chunk_splits: 1567.
num_chunks_enlarged: 989.
num_purges: 2.
num_inconsistent_stats: 0.

CodeHeap 'non-profiled nmethods': size=120036Kb used=2009Kb max_used=2009Kb free=118026Kb
 bounds [0x00007f5ce8ac7000, 0x00007f5ce8d37000, 0x00007f5cf0000000]
CodeHeap 'profiled nmethods': size=120032Kb used=11903Kb max_used=11903Kb free=108129Kb
 bounds [0x00007f5ce158f000, 0x00007f5ce212f000, 0x00007f5ce8ac7000]
CodeHeap 'non-nmethods': size=5692Kb used=1313Kb max_used=1355Kb free=4378Kb
 bounds [0x00007f5ce1000000, 0x00007f5ce1270000, 0x00007f5ce158f000]
 total_blobs=6453 nmethods=5798 adapters=571
 compilation: enabled
              stopped_count=0, restarted_count=0
 full_count=0

Compilation events (20 events):
Event: 11.766 Thread 0x00007f5cf012e3e0 5873       2       org.eclipse.jdt.internal.compiler.lookup.MethodBinding::<init> (141 bytes)
Event: 11.767 Thread 0x00007f5cf012e3e0 nmethod 5873 0x00007f5ce2126510 code [0x00007f5ce21266c0, 0x00007f5ce2126990]
Event: 11.767 Thread 0x00007f5cf012e3e0 5874       2       org.eclipse.jdt.internal.compiler.lookup.MethodBinding::isStatic (14 bytes)
Event: 11.767 Thread 0x00007f5cf012e3e0 nmethod 5874 0x00007f5ce2126b10 code [0x00007f5ce2126ca0, 0x00007f5ce2126dd0]
Event: 11.767 Thread 0x00007f5cf012e3e0 5875       2       org.eclipse.jdt.internal.compiler.lookup.MethodScope::createMethod (504 bytes)
Event: 11.768 Thread 0x00007f5cf012e3e0 nmethod 5875 0x00007f5ce2126e90 code [0x00007f5ce2127180, 0x00007f5ce2127fa0]
Event: 11.768 Thread 0x00007f5cf012e3e0 5876       2       org.eclipse.jdt.internal.compiler.lookup.TypeBinding::isAnonymousType (17 bytes)
Event: 11.768 Thread 0x00007f5cf012e3e0 nmethod 5876 0x00007f5ce2128a90 code [0x00007f5ce2128c20, 0x00007f5ce2128d70]
Event: 11.825 Thread 0x00007f5cf012e3e0 5877       2       lombok.eclipse.EclipseNode::getAst (5 bytes)
Event: 11.825 Thread 0x00007f5cf012e3e0 nmethod 5877 0x00007f5ce2128e10 code [0x00007f5ce2128fa0, 0x00007f5ce21290b0]
Event: 11.827 Thread 0x00007f5cf012e3e0 5879       2       org.eclipse.jdt.internal.compiler.ast.Reference::<init> (5 bytes)
Event: 11.827 Thread 0x00007f5cf012e3e0 nmethod 5879 0x00007f5ce2129190 code [0x00007f5ce2129320, 0x00007f5ce2129430]
Event: 11.827 Thread 0x00007f5cf012e3e0 5878       2       org.eclipse.jdt.internal.compiler.ast.LocalDeclaration::<init> (25 bytes)
Event: 11.827 Thread 0x00007f5cf012e3e0 nmethod 5878 0x00007f5ce2129510 code [0x00007f5ce21296a0, 0x00007f5ce21297d0]
Event: 11.828 Thread 0x00007f5cf012e3e0 5880       3       org.eclipse.jdt.internal.compiler.parser.Scanner::checkTaskTag (937 bytes)
Event: 11.830 Thread 0x00007f5cf012e3e0 nmethod 5880 0x00007f5ce2129890 code [0x00007f5ce2129d00, 0x00007f5ce212cd80]
Event: 11.838 Thread 0x00007f5cf012e3e0 5881       2       org.eclipse.jdt.internal.compiler.parser.Parser::concatNodeLists (31 bytes)
Event: 11.841 Thread 0x00007f5cf012e3e0 nmethod 5881 0x00007f5ce212df90 code [0x00007f5ce212e120, 0x00007f5ce212e270]
Event: 11.845 Thread 0x00007f5cf012e3e0 5883       2       org.eclipse.jdt.internal.compiler.parser.Parser::pushOnExpressionStack (106 bytes)
Event: 11.845 Thread 0x00007f5cf012e3e0 nmethod 5883 0x00007f5ce212e390 code [0x00007f5ce212e560, 0x00007f5ce212e9f0]

GC Heap History (20 events):
Event: 10.870 GC heap after
{Heap after GC invocations=47 (full 4):
 PSYoungGen      total 17408K, used 4076K [0x00000000eab00000, 0x00000000ec400000, 0x0000000100000000)
  eden space 13312K, 0% used [0x00000000eab00000,0x00000000eab00000,0x00000000eb800000)
  from space 4096K, 99% used [0x00000000eb880000,0x00000000ebc7b098,0x00000000ebc80000)
  to   space 6144K, 0% used [0x00000000ebe00000,0x00000000ebe00000,0x00000000ec400000)
 ParOldGen       total 122880K, used 96036K [0x00000000c0000000, 0x00000000c7800000, 0x00000000eab00000)
  object space 122880K, 78% used [0x00000000c0000000,0x00000000c5dc9008,0x00000000c7800000)
 Metaspace       used 54910K, committed 55680K, reserved 1105920K
  class space    used 5898K, committed 6208K, reserved 1048576K
}
Event: 10.953 GC heap before
{Heap before GC invocations=48 (full 4):
 PSYoungGen      total 17408K, used 17388K [0x00000000eab00000, 0x00000000ec400000, 0x0000000100000000)
  eden space 13312K, 100% used [0x00000000eab00000,0x00000000eb800000,0x00000000eb800000)
  from space 4096K, 99% used [0x00000000eb880000,0x00000000ebc7b098,0x00000000ebc80000)
  to   space 6144K, 0% used [0x00000000ebe00000,0x00000000ebe00000,0x00000000ec400000)
 ParOldGen       total 122880K, used 96036K [0x00000000c0000000, 0x00000000c7800000, 0x00000000eab00000)
  object space 122880K, 78% used [0x00000000c0000000,0x00000000c5dc9008,0x00000000c7800000)
 Metaspace       used 55502K, committed 56320K, reserved 1105920K
  class space    used 5933K, committed 6272K, reserved 1048576K
}
Event: 10.960 GC heap after
{Heap after GC invocations=48 (full 4):
 PSYoungGen      total 17408K, used 3789K [0x00000000eab00000, 0x00000000ec200000, 0x0000000100000000)
  eden space 13312K, 0% used [0x00000000eab00000,0x00000000eab00000,0x00000000eb800000)
  from space 4096K, 92% used [0x00000000ebe00000,0x00000000ec1b3408,0x00000000ec200000)
  to   space 4608K, 0% used [0x00000000eb900000,0x00000000eb900000,0x00000000ebd80000)
 ParOldGen       total 122880K, used 98798K [0x00000000c0000000, 0x00000000c7800000, 0x00000000eab00000)
  object space 122880K, 80% used [0x00000000c0000000,0x00000000c607ba10,0x00000000c7800000)
 Metaspace       used 55502K, committed 56320K, reserved 1105920K
  class space    used 5933K, committed 6272K, reserved 1048576K
}
Event: 11.076 GC heap before
{Heap before GC invocations=49 (full 4):
 PSYoungGen      total 17408K, used 17101K [0x00000000eab00000, 0x00000000ec200000, 0x0000000100000000)
  eden space 13312K, 100% used [0x00000000eab00000,0x00000000eb800000,0x00000000eb800000)
  from space 4096K, 92% used [0x00000000ebe00000,0x00000000ec1b3408,0x00000000ec200000)
  to   space 4608K, 0% used [0x00000000eb900000,0x00000000eb900000,0x00000000ebd80000)
 ParOldGen       total 122880K, used 98798K [0x00000000c0000000, 0x00000000c7800000, 0x00000000eab00000)
  object space 122880K, 80% used [0x00000000c0000000,0x00000000c607ba10,0x00000000c7800000)
 Metaspace       used 55669K, committed 56512K, reserved 1105920K
  class space    used 5956K, committed 6336K, reserved 1048576K
}
Event: 11.083 GC heap after
{Heap after GC invocations=49 (full 4):
 PSYoungGen      total 17920K, used 4578K [0x00000000eab00000, 0x00000000ec600000, 0x0000000100000000)
  eden space 13312K, 0% used [0x00000000eab00000,0x00000000eab00000,0x00000000eb800000)
  from space 4608K, 99% used [0x00000000eb900000,0x00000000ebd788b8,0x00000000ebd80000)
  to   space 7168K, 0% used [0x00000000ebf00000,0x00000000ebf00000,0x00000000ec600000)
 ParOldGen       total 122880K, used 100765K [0x00000000c0000000, 0x00000000c7800000, 0x00000000eab00000)
  object space 122880K, 82% used [0x00000000c0000000,0x00000000c6267550,0x00000000c7800000)
 Metaspace       used 55669K, committed 56512K, reserved 1105920K
  class space    used 5956K, committed 6336K, reserved 1048576K
}
Event: 11.194 GC heap before
{Heap before GC invocations=50 (full 4):
 PSYoungGen      total 17920K, used 17890K [0x00000000eab00000, 0x00000000ec600000, 0x0000000100000000)
  eden space 13312K, 100% used [0x00000000eab00000,0x00000000eb800000,0x00000000eb800000)
  from space 4608K, 99% used [0x00000000eb900000,0x00000000ebd788b8,0x00000000ebd80000)
  to   space 7168K, 0% used [0x00000000ebf00000,0x00000000ebf00000,0x00000000ec600000)
 ParOldGen       total 122880K, used 100765K [0x00000000c0000000, 0x00000000c7800000, 0x00000000eab00000)
  object space 122880K, 82% used [0x00000000c0000000,0x00000000c6267550,0x00000000c7800000)
 Metaspace       used 55799K, committed 56576K, reserved 1105920K
  class space    used 5966K, committed 6336K, reserved 1048576K
}
Event: 11.201 GC heap after
{Heap after GC invocations=50 (full 4):
 PSYoungGen      total 17920K, used 4514K [0x00000000eab00000, 0x00000000ec380000, 0x0000000100000000)
  eden space 13312K, 0% used [0x00000000eab00000,0x00000000eab00000,0x00000000eb800000)
  from space 4608K, 97% used [0x00000000ebf00000,0x00000000ec368b00,0x00000000ec380000)
  to   space 5632K, 0% used [0x00000000eb880000,0x00000000eb880000,0x00000000ebe00000)
 ParOldGen       total 122880K, used 103443K [0x00000000c0000000, 0x00000000c7800000, 0x00000000eab00000)
  object space 122880K, 84% used [0x00000000c0000000,0x00000000c6504df0,0x00000000c7800000)
 Metaspace       used 55799K, committed 56576K, reserved 1105920K
  class space    used 5966K, committed 6336K, reserved 1048576K
}
Event: 11.319 GC heap before
{Heap before GC invocations=51 (full 4):
 PSYoungGen      total 17920K, used 17826K [0x00000000eab00000, 0x00000000ec380000, 0x0000000100000000)
  eden space 13312K, 100% used [0x00000000eab00000,0x00000000eb800000,0x00000000eb800000)
  from space 4608K, 97% used [0x00000000ebf00000,0x00000000ec368b00,0x00000000ec380000)
  to   space 5632K, 0% used [0x00000000eb880000,0x00000000eb880000,0x00000000ebe00000)
 ParOldGen       total 122880K, used 103443K [0x00000000c0000000, 0x00000000c7800000, 0x00000000eab00000)
  object space 122880K, 84% used [0x00000000c0000000,0x00000000c6504df0,0x00000000c7800000)
 Metaspace       used 56076K, committed 56896K, reserved 1105920K
  class space    used 5999K, committed 6400K, reserved 1048576K
}
Event: 11.326 GC heap after
{Heap after GC invocations=51 (full 4):
 PSYoungGen      total 18944K, used 5602K [0x00000000eab00000, 0x00000000ec800000, 0x0000000100000000)
  eden space 13312K, 0% used [0x00000000eab00000,0x00000000eab00000,0x00000000eb800000)
  from space 5632K, 99% used [0x00000000eb880000,0x00000000ebdf8850,0x00000000ebe00000)
  to   space 8192K, 0% used [0x00000000ec000000,0x00000000ec000000,0x00000000ec800000)
 ParOldGen       total 122880K, used 105139K [0x00000000c0000000, 0x00000000c7800000, 0x00000000eab00000)
  object space 122880K, 85% used [0x00000000c0000000,0x00000000c66acfa0,0x00000000c7800000)
 Metaspace       used 56076K, committed 56896K, reserved 1105920K
  class space    used 5999K, committed 6400K, reserved 1048576K
}
Event: 11.462 GC heap before
{Heap before GC invocations=52 (full 4):
 PSYoungGen      total 18944K, used 18914K [0x00000000eab00000, 0x00000000ec800000, 0x0000000100000000)
  eden space 13312K, 100% used [0x00000000eab00000,0x00000000eb800000,0x00000000eb800000)
  from space 5632K, 99% used [0x00000000eb880000,0x00000000ebdf8850,0x00000000ebe00000)
  to   space 8192K, 0% used [0x00000000ec000000,0x00000000ec000000,0x00000000ec800000)
 ParOldGen       total 122880K, used 105139K [0x00000000c0000000, 0x00000000c7800000, 0x00000000eab00000)
  object space 122880K, 85% used [0x00000000c0000000,0x00000000c66acfa0,0x00000000c7800000)
 Metaspace       used 56156K, committed 57024K, reserved 1105920K
  class space    used 6002K, committed 6400K, reserved 1048576K
}
Event: 11.470 GC heap after
{Heap after GC invocations=52 (full 4):
 PSYoungGen      total 18944K, used 5137K [0x00000000eab00000, 0x00000000ec580000, 0x0000000100000000)
  eden space 13312K, 0% used [0x00000000eab00000,0x00000000eab00000,0x00000000eb800000)
  from space 5632K, 91% used [0x00000000ec000000,0x00000000ec5044a8,0x00000000ec580000)
  to   space 6144K, 0% used [0x00000000eb980000,0x00000000eb980000,0x00000000ebf80000)
 ParOldGen       total 122880K, used 108482K [0x00000000c0000000, 0x00000000c7800000, 0x00000000eab00000)
  object space 122880K, 88% used [0x00000000c0000000,0x00000000c69f0910,0x00000000c7800000)
 Metaspace       used 56156K, committed 57024K, reserved 1105920K
  class space    used 6002K, committed 6400K, reserved 1048576K
}
Event: 11.580 GC heap before
{Heap before GC invocations=53 (full 4):
 PSYoungGen      total 18944K, used 18449K [0x00000000eab00000, 0x00000000ec580000, 0x0000000100000000)
  eden space 13312K, 100% used [0x00000000eab00000,0x00000000eb800000,0x00000000eb800000)
  from space 5632K, 91% used [0x00000000ec000000,0x00000000ec5044a8,0x00000000ec580000)
  to   space 6144K, 0% used [0x00000000eb980000,0x00000000eb980000,0x00000000ebf80000)
 ParOldGen       total 122880K, used 108482K [0x00000000c0000000, 0x00000000c7800000, 0x00000000eab00000)
  object space 122880K, 88% used [0x00000000c0000000,0x00000000c69f0910,0x00000000c7800000)
 Metaspace       used 56209K, committed 57088K, reserved 1105920K
  class space    used 6002K, committed 6400K, reserved 1048576K
}
Event: 11.589 GC heap after
{Heap after GC invocations=53 (full 4):
 PSYoungGen      total 19456K, used 6140K [0x00000000eab00000, 0x00000000ec800000, 0x0000000100000000)
  eden space 13312K, 0% used [0x00000000eab00000,0x00000000eab00000,0x00000000eb800000)
  from space 6144K, 99% used [0x00000000eb980000,0x00000000ebf7f240,0x00000000ebf80000)
  to   space 8192K, 0% used [0x00000000ec000000,0x00000000ec000000,0x00000000ec800000)
 ParOldGen       total 122880K, used 109898K [0x00000000c0000000, 0x00000000c7800000, 0x00000000eab00000)
  object space 122880K, 89% used [0x00000000c0000000,0x00000000c6b528b0,0x00000000c7800000)
 Metaspace       used 56209K, committed 57088K, reserved 1105920K
  class space    used 6002K, committed 6400K, reserved 1048576K
}
Event: 11.680 GC heap before
{Heap before GC invocations=54 (full 4):
 PSYoungGen      total 19456K, used 19452K [0x00000000eab00000, 0x00000000ec800000, 0x0000000100000000)
  eden space 13312K, 100% used [0x00000000eab00000,0x00000000eb800000,0x00000000eb800000)
  from space 6144K, 99% used [0x00000000eb980000,0x00000000ebf7f240,0x00000000ebf80000)
  to   space 8192K, 0% used [0x00000000ec000000,0x00000000ec000000,0x00000000ec800000)
 ParOldGen       total 122880K, used 109898K [0x00000000c0000000, 0x00000000c7800000, 0x00000000eab00000)
  object space 122880K, 89% used [0x00000000c0000000,0x00000000c6b528b0,0x00000000c7800000)
 Metaspace       used 56351K, committed 57216K, reserved 1105920K
  class space    used 6020K, committed 6400K, reserved 1048576K
}
Event: 11.689 GC heap after
{Heap after GC invocations=54 (full 4):
 PSYoungGen      total 18432K, used 4828K [0x00000000eab00000, 0x00000000ec500000, 0x0000000100000000)
  eden space 13312K, 0% used [0x00000000eab00000,0x00000000eab00000,0x00000000eb800000)
  from space 5120K, 94% used [0x00000000ec000000,0x00000000ec4b70c8,0x00000000ec500000)
  to   space 6144K, 0% used [0x00000000eb900000,0x00000000eb900000,0x00000000ebf00000)
 ParOldGen       total 122880K, used 114230K [0x00000000c0000000, 0x00000000c7800000, 0x00000000eab00000)
  object space 122880K, 92% used [0x00000000c0000000,0x00000000c6f8d8f8,0x00000000c7800000)
 Metaspace       used 56351K, committed 57216K, reserved 1105920K
  class space    used 6020K, committed 6400K, reserved 1048576K
}
Event: 11.776 GC heap before
{Heap before GC invocations=55 (full 4):
 PSYoungGen      total 18432K, used 18140K [0x00000000eab00000, 0x00000000ec500000, 0x0000000100000000)
  eden space 13312K, 100% used [0x00000000eab00000,0x00000000eb800000,0x00000000eb800000)
  from space 5120K, 94% used [0x00000000ec000000,0x00000000ec4b70c8,0x00000000ec500000)
  to   space 6144K, 0% used [0x00000000eb900000,0x00000000eb900000,0x00000000ebf00000)
 ParOldGen       total 122880K, used 114230K [0x00000000c0000000, 0x00000000c7800000, 0x00000000eab00000)
  object space 122880K, 92% used [0x00000000c0000000,0x00000000c6f8d8f8,0x00000000c7800000)
 Metaspace       used 56541K, committed 57408K, reserved 1105920K
  class space    used 6038K, committed 6400K, reserved 1048576K
}
Event: 11.796 GC heap after
{Heap after GC invocations=55 (full 4):
 PSYoungGen      total 19456K, used 6136K [0x00000000eab00000, 0x00000000ec900000, 0x0000000100000000)
  eden space 13312K, 0% used [0x00000000eab00000,0x00000000eab00000,0x00000000eb800000)
  from space 6144K, 99% used [0x00000000eb900000,0x00000000ebefe078,0x00000000ebf00000)
  to   space 8704K, 0% used [0x00000000ec080000,0x00000000ec080000,0x00000000ec900000)
 ParOldGen       total 122880K, used 115854K [0x00000000c0000000, 0x00000000c7800000, 0x00000000eab00000)
  object space 122880K, 94% used [0x00000000c0000000,0x00000000c7123bc8,0x00000000c7800000)
 Metaspace       used 56541K, committed 57408K, reserved 1105920K
  class space    used 6038K, committed 6400K, reserved 1048576K
}
Event: 11.865 GC heap before
{Heap before GC invocations=56 (full 4):
 PSYoungGen      total 19456K, used 19448K [0x00000000eab00000, 0x00000000ec900000, 0x0000000100000000)
  eden space 13312K, 100% used [0x00000000eab00000,0x00000000eb800000,0x00000000eb800000)
  from space 6144K, 99% used [0x00000000eb900000,0x00000000ebefe078,0x00000000ebf00000)
  to   space 8704K, 0% used [0x00000000ec080000,0x00000000ec080000,0x00000000ec900000)
 ParOldGen       total 122880K, used 115854K [0x00000000c0000000, 0x00000000c7800000, 0x00000000eab00000)
  object space 122880K, 94% used [0x00000000c0000000,0x00000000c7123bc8,0x00000000c7800000)
 Metaspace       used 56606K, committed 57472K, reserved 1105920K
  class space    used 6041K, committed 6400K, reserved 1048576K
}
Event: 11.894 GC heap after
{Heap after GC invocations=56 (full 4):
 PSYoungGen      total 22016K, used 5606K [0x00000000eab00000, 0x00000000ec700000, 0x0000000100000000)
  eden space 15360K, 0% used [0x00000000eab00000,0x00000000eab00000,0x00000000eba00000)
  from space 6656K, 84% used [0x00000000ec080000,0x00000000ec5f9a48,0x00000000ec700000)
  to   space 6656K, 0% used [0x00000000eba00000,0x00000000eba00000,0x00000000ec080000)
 ParOldGen       total 122880K, used 119640K [0x00000000c0000000, 0x00000000c7800000, 0x00000000eab00000)
  object space 122880K, 97% used [0x00000000c0000000,0x00000000c74d6088,0x00000000c7800000)
 Metaspace       used 56606K, committed 57472K, reserved 1105920K
  class space    used 6041K, committed 6400K, reserved 1048576K
}
Event: 11.904 GC heap before
{Heap before GC invocations=57 (full 5):
 PSYoungGen      total 22016K, used 5606K [0x00000000eab00000, 0x00000000ec700000, 0x0000000100000000)
  eden space 15360K, 0% used [0x00000000eab00000,0x00000000eab00000,0x00000000eba00000)
  from space 6656K, 84% used [0x00000000ec080000,0x00000000ec5f9a48,0x00000000ec700000)
  to   space 6656K, 0% used [0x00000000eba00000,0x00000000eba00000,0x00000000ec080000)
 ParOldGen       total 122880K, used 119640K [0x00000000c0000000, 0x00000000c7800000, 0x00000000eab00000)
  object space 122880K, 97% used [0x00000000c0000000,0x00000000c74d6088,0x00000000c7800000)
 Metaspace       used 56606K, committed 57472K, reserved 1105920K
  class space    used 6041K, committed 6400K, reserved 1048576K
}

Deoptimization events (20 events):
Event: 11.776 Thread 0x00005563e71908d0 DEOPT PACKING pc=0x00007f5ce1d3cae4 sp=0x00007f5cc31fbe40
Event: 11.776 Thread 0x00005563e71908d0 DEOPT UNPACKING pc=0x00007f5ce1052510 sp=0x00007f5cc31fb2e8 mode 0
Event: 11.801 Thread 0x00005563e71908d0 DEOPT PACKING pc=0x00007f5ce1d3cae4 sp=0x00007f5cc31fbd50
Event: 11.801 Thread 0x00005563e71908d0 DEOPT UNPACKING pc=0x00007f5ce1052510 sp=0x00007f5cc31fb1f8 mode 0
Event: 11.821 Thread 0x00005563e71908d0 DEOPT PACKING pc=0x00007f5ce1d3cae4 sp=0x00007f5cc31fbd50
Event: 11.821 Thread 0x00005563e71908d0 DEOPT UNPACKING pc=0x00007f5ce1052510 sp=0x00007f5cc31fb1f8 mode 0
Event: 11.824 Thread 0x00005563e71908d0 DEOPT PACKING pc=0x00007f5ce1d3cae4 sp=0x00007f5cc31fbd50
Event: 11.824 Thread 0x00005563e71908d0 DEOPT UNPACKING pc=0x00007f5ce1052510 sp=0x00007f5cc31fb1f8 mode 0
Event: 11.841 Thread 0x00005563e71908d0 DEOPT PACKING pc=0x00007f5ce1d3cae4 sp=0x00007f5cc31fbeb0
Event: 11.841 Thread 0x00005563e71908d0 DEOPT UNPACKING pc=0x00007f5ce1052510 sp=0x00007f5cc31fb358 mode 0
Event: 11.846 Thread 0x00005563e71908d0 DEOPT PACKING pc=0x00007f5ce1d3cae4 sp=0x00007f5cc31fbf40
Event: 11.846 Thread 0x00005563e71908d0 DEOPT UNPACKING pc=0x00007f5ce1052510 sp=0x00007f5cc31fb3e8 mode 0
Event: 11.849 Thread 0x00005563e71908d0 DEOPT PACKING pc=0x00007f5ce1d3cae4 sp=0x00007f5cc31fbf40
Event: 11.849 Thread 0x00005563e71908d0 DEOPT UNPACKING pc=0x00007f5ce1052510 sp=0x00007f5cc31fb3e8 mode 0
Event: 11.852 Thread 0x00005563e71908d0 DEOPT PACKING pc=0x00007f5ce1d3cae4 sp=0x00007f5cc31fbe40
Event: 11.852 Thread 0x00005563e71908d0 DEOPT UNPACKING pc=0x00007f5ce1052510 sp=0x00007f5cc31fb2e8 mode 0
Event: 11.862 Thread 0x00005563e71908d0 DEOPT PACKING pc=0x00007f5ce1d3cae4 sp=0x00007f5cc31fbe10
Event: 11.862 Thread 0x00005563e71908d0 DEOPT UNPACKING pc=0x00007f5ce1052510 sp=0x00007f5cc31fb2b8 mode 0
Event: 11.865 Thread 0x00005563e71908d0 DEOPT PACKING pc=0x00007f5ce1d3cae4 sp=0x00007f5cc31fbe40
Event: 11.865 Thread 0x00005563e71908d0 DEOPT UNPACKING pc=0x00007f5ce1052510 sp=0x00007f5cc31fb2e8 mode 0

Classes unloaded (7 events):
Event: 2.772 Thread 0x00007f5cf00eeb40 Unloading class 0x000000010021ac00 'java/lang/invoke/LambdaForm$MH+0x000000010021ac00'
Event: 2.772 Thread 0x00007f5cf00eeb40 Unloading class 0x000000010021a800 'java/lang/invoke/LambdaForm$MH+0x000000010021a800'
Event: 2.772 Thread 0x00007f5cf00eeb40 Unloading class 0x000000010021a400 'java/lang/invoke/LambdaForm$MH+0x000000010021a400'
Event: 2.772 Thread 0x00007f5cf00eeb40 Unloading class 0x000000010021a000 'java/lang/invoke/LambdaForm$MH+0x000000010021a000'
Event: 2.772 Thread 0x00007f5cf00eeb40 Unloading class 0x0000000100219800 'java/lang/invoke/LambdaForm$BMH+0x0000000100219800'
Event: 2.772 Thread 0x00007f5cf00eeb40 Unloading class 0x0000000100219400 'java/lang/invoke/LambdaForm$DMH+0x0000000100219400'
Event: 2.772 Thread 0x00007f5cf00eeb40 Unloading class 0x0000000100214800 'java/lang/invoke/LambdaForm$DMH+0x0000000100214800'

Classes redefined (0 events):
No events

Internal exceptions (20 events):
Event: 11.153 Thread 0x00007f5cc8068680 Exception <a 'sun/nio/fs/UnixException'{0x00000000eb37d570}> (0x00000000eb37d570) 
thrown [src/hotspot/share/prims/jni.cpp, line 516]
Event: 11.153 Thread 0x00007f5cc8068680 Exception <a 'sun/nio/fs/UnixException'{0x00000000eb384940}> (0x00000000eb384940) 
thrown [src/hotspot/share/prims/jni.cpp, line 516]
Event: 11.153 Thread 0x00007f5cc8068680 Exception <a 'sun/nio/fs/UnixException'{0x00000000eb3886f0}> (0x00000000eb3886f0) 
thrown [src/hotspot/share/prims/jni.cpp, line 516]
Event: 11.153 Thread 0x00007f5cc8068680 Exception <a 'sun/nio/fs/UnixException'{0x00000000eb389308}> (0x00000000eb389308) 
thrown [src/hotspot/share/prims/jni.cpp, line 516]
Event: 11.155 Thread 0x00007f5cc8068680 Exception <a 'sun/nio/fs/UnixException'{0x00000000eb393648}> (0x00000000eb393648) 
thrown [src/hotspot/share/prims/jni.cpp, line 516]
Event: 11.155 Thread 0x00007f5cc8068680 Exception <a 'sun/nio/fs/UnixException'{0x00000000eb397238}> (0x00000000eb397238) 
thrown [src/hotspot/share/prims/jni.cpp, line 516]
Event: 11.155 Thread 0x00007f5cc8068680 Exception <a 'sun/nio/fs/UnixException'{0x00000000eb397e50}> (0x00000000eb397e50) 
thrown [src/hotspot/share/prims/jni.cpp, line 516]
Event: 11.161 Thread 0x00007f5cc8068680 Exception <a 'sun/nio/fs/UnixException'{0x00000000eb4f8ec8}> (0x00000000eb4f8ec8) 
thrown [src/hotspot/share/prims/jni.cpp, line 516]
Event: 11.161 Thread 0x00007f5cc8068680 Exception <a 'sun/nio/fs/UnixException'{0x00000000eb501a68}> (0x00000000eb501a68) 
thrown [src/hotspot/share/prims/jni.cpp, line 516]
Event: 11.161 Thread 0x00007f5cc8068680 Exception <a 'sun/nio/fs/UnixException'{0x00000000eb505590}> (0x00000000eb505590) 
thrown [src/hotspot/share/prims/jni.cpp, line 516]
Event: 11.162 Thread 0x00007f5cc8068680 Exception <a 'sun/nio/fs/UnixException'{0x00000000eb5063f8}> (0x00000000eb5063f8) 
thrown [src/hotspot/share/prims/jni.cpp, line 516]
Event: 11.162 Thread 0x00007f5cc8068680 Exception <a 'sun/nio/fs/UnixException'{0x00000000eb50ca38}> (0x00000000eb50ca38) 
thrown [src/hotspot/share/prims/jni.cpp, line 516]
Event: 11.162 Thread 0x00007f5cc8068680 Exception <a 'sun/nio/fs/UnixException'{0x00000000eb5137b0}> (0x00000000eb5137b0) 
thrown [src/hotspot/share/prims/jni.cpp, line 516]
Event: 11.163 Thread 0x00007f5cc8068680 Exception <a 'sun/nio/fs/UnixException'{0x00000000eb517450}> (0x00000000eb517450) 
thrown [src/hotspot/share/prims/jni.cpp, line 516]
Event: 11.163 Thread 0x00007f5cc8068680 Exception <a 'sun/nio/fs/UnixException'{0x00000000eb518030}> (0x00000000eb518030) 
thrown [src/hotspot/share/prims/jni.cpp, line 516]
Event: 11.168 Thread 0x00007f5cc8068680 Exception <a 'sun/nio/fs/UnixException'{0x00000000eb52cac0}> (0x00000000eb52cac0) 
thrown [src/hotspot/share/prims/jni.cpp, line 516]
Event: 11.172 Thread 0x00007f5cc8068680 Exception <a 'sun/nio/fs/UnixException'{0x00000000eb565920}> (0x00000000eb565920) 
thrown [src/hotspot/share/prims/jni.cpp, line 516]
Event: 11.172 Thread 0x00007f5cc8068680 Exception <a 'sun/nio/fs/UnixException'{0x00000000eb56da20}> (0x00000000eb56da20) 
thrown [src/hotspot/share/prims/jni.cpp, line 516]
Event: 11.654 Thread 0x00007f5cc8068680 Exception <a 'java/lang/NoSuchMethodError'{0x00000000eb31bc28}: 'int java.lang.invoke.DirectMethodHandle$Holder.invokeVirtual(java.lang.Object, java.lang.Object, java.lang.Object)'> (0x00000000eb31bc28) 
thrown [src/hotspot/share/interpreter/linkResolver.cpp, line 758]
Event: 11.664 Thread 0x00007f5cc8068680 Exception <a 'java/lang/NoSuchMethodError'{0x00000000eb5c60f8}: 'int java.lang.invoke.DirectMethodHandle$Holder.invokeSpecialIFC(java.lang.Object, java.lang.Object, java.lang.Object)'> (0x00000000eb5c60f8) 
thrown [src/hotspot/share/interpreter/linkResolver.cpp, line 758]

VM Operations (20 events):
Event: 10.799 Executing VM operation: ParallelGCFailedAllocation done
Event: 10.865 Executing VM operation: ParallelGCFailedAllocation
Event: 10.870 Executing VM operation: ParallelGCFailedAllocation done
Event: 10.953 Executing VM operation: ParallelGCFailedAllocation
Event: 10.960 Executing VM operation: ParallelGCFailedAllocation done
Event: 11.076 Executing VM operation: ParallelGCFailedAllocation
Event: 11.083 Executing VM operation: ParallelGCFailedAllocation done
Event: 11.193 Executing VM operation: ParallelGCFailedAllocation
Event: 11.201 Executing VM operation: ParallelGCFailedAllocation done
Event: 11.315 Executing VM operation: ParallelGCFailedAllocation
Event: 11.326 Executing VM operation: ParallelGCFailedAllocation done
Event: 11.462 Executing VM operation: ParallelGCFailedAllocation
Event: 11.470 Executing VM operation: ParallelGCFailedAllocation done
Event: 11.576 Executing VM operation: ParallelGCFailedAllocation
Event: 11.589 Executing VM operation: ParallelGCFailedAllocation done
Event: 11.680 Executing VM operation: ParallelGCFailedAllocation
Event: 11.689 Executing VM operation: ParallelGCFailedAllocation done
Event: 11.776 Executing VM operation: ParallelGCFailedAllocation
Event: 11.796 Executing VM operation: ParallelGCFailedAllocation done
Event: 11.865 Executing VM operation: ParallelGCFailedAllocation

Events (20 events):
Event: 11.004 loading class java/util/ArrayDeque$DeqSpliterator
Event: 11.004 loading class java/util/ArrayDeque$DeqSpliterator done
Event: 11.092 loading class sun/nio/fs/UnixFileModeAttribute$1
Event: 11.093 loading class sun/nio/fs/UnixFileModeAttribute$1 done
Event: 11.179 Thread 0x00007f5cd001b9c0 Thread added: 0x00007f5cd001b9c0
Event: 11.180 Protecting memory [0x00007f5cc18fd000,0x00007f5cc1901000] with protection modes 0
Event: 11.185 Thread 0x00007f5cd001c5d0 Thread added: 0x00007f5cd001c5d0
Event: 11.194 Protecting memory [0x00007f5cc0ade000,0x00007f5cc0ae2000] with protection modes 0
Event: 11.540 Thread 0x00007f5cd001b9c0 Thread exited: 0x00007f5cd001b9c0
Event: 11.560 Thread 0x00007f5cd001c5d0 Thread exited: 0x00007f5cd001c5d0
Event: 11.657 loading class java/util/stream/ReduceOps$4
Event: 11.658 loading class java/util/stream/ReduceOps$4 done
Event: 11.658 loading class java/util/stream/ReduceOps$4ReducingSink
Event: 11.658 loading class java/util/stream/ReduceOps$4ReducingSink done
Event: 11.662 loading class java/nio/file/Files$2
Event: 11.663 loading class java/nio/file/Files$2 done
Event: 11.775 Thread 0x00007f5cd002e720 Thread added: 0x00007f5cd002e720
Event: 11.776 Protecting memory [0x00007f5cc0ade000,0x00007f5cc0ae2000] with protection modes 0
Event: 11.818 loading class java/util/Hashtable$ValueCollection
Event: 11.820 loading class java/util/Hashtable$ValueCollection done


Dynamic libraries:
c0000000-c7800000 rw-p 00000000 00:00 0 
c9c00000-eab00000 ---p 00000000 00:00 0 
eab00000-ec700000 rw-p 00000000 00:00 0 
ec700000-100000000 ---p 00000000 00:00 0 
100000000-100020000 rw-p 00000000 00:00 0 
100020000-100040000 rw-p 00000000 00:00 0 
100040000-1000c0000 rw-p 00000000 00:00 0 
1000c0000-1000e0000 rw-p 00000000 00:00 0 
1000e0000-100140000 rw-p 00000000 00:00 0 
100140000-100180000 rw-p 00000000 00:00 0 
100180000-100340000 rw-p 00000000 00:00 0 
100340000-100380000 rw-p 00000000 00:00 0 
100380000-100540000 rw-p 00000000 00:00 0 
100540000-100630000 rw-p 00000000 00:00 0 
100630000-100640000 ---p 00000000 00:00 0 
100640000-100650000 rw-p 00000000 00:00 0 
100650000-140000000 ---p 00000000 00:00 0 
5563e42f5000-5563e42f6000 r--p 00000000 08:01 8079                       /home/mininet/.vscode-server/extensions/redhat.java-1.12.0-linux-x64/jre/17.0.4.1-linux-x86_64/bin/java
5563e42f6000-5563e42f7000 r-xp 00001000 08:01 8079                       /home/mininet/.vscode-server/extensions/redhat.java-1.12.0-linux-x64/jre/17.0.4.1-linux-x86_64/bin/java
5563e42f7000-5563e42f8000 r--p 00002000 08:01 8079                       /home/mininet/.vscode-server/extensions/redhat.java-1.12.0-linux-x64/jre/17.0.4.1-linux-x86_64/bin/java
5563e42f8000-5563e42f9000 r--p 00002000 08:01 8079                       /home/mininet/.vscode-server/extensions/redhat.java-1.12.0-linux-x64/jre/17.0.4.1-linux-x86_64/bin/java
5563e42f9000-5563e42fa000 rw-p 00003000 08:01 8079                       /home/mininet/.vscode-server/extensions/redhat.java-1.12.0-linux-x64/jre/17.0.4.1-linux-x86_64/bin/java
5563e629c000-5563e86b4000 rw-p 00000000 00:00 0                          [heap]
7f5cb3000000-7f5cb3210000 rw-p 00000000 00:00 0 
7f5cb3210000-7f5cb3800000 ---p 00000000 00:00 0 
7f5cb3811000-7f5cbc000000 r--s 00000000 08:01 182741                     /usr/lib/jvm/java-11-openjdk-amd64/lib/modules
7f5cbc000000-7f5cbcf10000 rw-p 00000000 00:00 0 
7f5cbcf10000-7f5cc0000000 ---p 00000000 00:00 0 
7f5cc08db000-7f5cc08dd000 r-xp 00000000 08:01 155492                     /usr/lib/x86_64-linux-gnu/gconv/ISO8859-1.so
7f5cc08dd000-7f5cc0adc000 ---p 00002000 08:01 155492                     /usr/lib/x86_64-linux-gnu/gconv/ISO8859-1.so
7f5cc0adc000-7f5cc0add000 r--p 00001000 08:01 155492                     /usr/lib/x86_64-linux-gnu/gconv/ISO8859-1.so
7f5cc0add000-7f5cc0ade000 rw-p 00002000 08:01 155492                     /usr/lib/x86_64-linux-gnu/gconv/ISO8859-1.so
7f5cc0ade000-7f5cc0ae2000 ---p 00000000 00:00 0 
7f5cc0ae2000-7f5cc0bdf000 rw-p 00000000 00:00 0 
7f5cc0bdf000-7f5cc0bf6000 r-xp 00000000 08:01 411249                     /lib/x86_64-linux-gnu/libresolv-2.27.so
7f5cc0bf6000-7f5cc0df5000 ---p 00017000 08:01 411249                     /lib/x86_64-linux-gnu/libresolv-2.27.so
7f5cc0df5000-7f5cc0df6000 r--p 00016000 08:01 411249                     /lib/x86_64-linux-gnu/libresolv-2.27.so
7f5cc0df6000-7f5cc0df7000 rw-p 00017000 08:01 411249                     /lib/x86_64-linux-gnu/libresolv-2.27.so
7f5cc0df7000-7f5cc0df9000 rw-p 00000000 00:00 0 
7f5cc0df9000-7f5cc0dfe000 r-xp 00000000 08:01 411242                     /lib/x86_64-linux-gnu/libnss_dns-2.27.so
7f5cc0dfe000-7f5cc0ffe000 ---p 00005000 08:01 411242                     /lib/x86_64-linux-gnu/libnss_dns-2.27.so
7f5cc0ffe000-7f5cc0fff000 r--p 00005000 08:01 411242                     /lib/x86_64-linux-gnu/libnss_dns-2.27.so
7f5cc0fff000-7f5cc1000000 rw-p 00006000 08:01 411242                     /lib/x86_64-linux-gnu/libnss_dns-2.27.so
7f5cc1000000-7f5cc1140000 rw-p 00000000 00:00 0 
7f5cc1140000-7f5cc1180000 rw-p 00000000 00:00 0 
7f5cc1180000-7f5cc12d0000 rw-p 00000000 00:00 0 
7f5cc12d0000-7f5cc1300000 ---p 00000000 00:00 0 
7f5cc1300000-7f5cc1800000 rw-p 00000000 00:00 0 
7f5cc18fd000-7f5cc1901000 ---p 00000000 00:00 0 
7f5cc1901000-7f5cc19fe000 rw-p 00000000 00:00 0 
7f5cc19fe000-7f5cc1a02000 ---p 00000000 00:00 0 
7f5cc1a02000-7f5cc1aff000 rw-p 00000000 00:00 0 
7f5cc1aff000-7f5cc1b03000 ---p 00000000 00:00 0 
7f5cc1b03000-7f5cc1f00000 rw-p 00000000 00:00 0 
7f5cc1f00000-7f5cc2000000 rw-p 00000000 00:00 0 
7f5cc2000000-7f5cc2400000 rw-p 00000000 00:00 0 
7f5cc242b000-7f5cc242f000 ---p 00000000 00:00 0 
7f5cc242f000-7f5cc252c000 rw-p 00000000 00:00 0 
7f5cc252c000-7f5cc2530000 ---p 00000000 00:00 0 
7f5cc2530000-7f5cc262d000 rw-p 00000000 00:00 0 
7f5cc26ff000-7f5cc2703000 ---p 00000000 00:00 0 
7f5cc2703000-7f5cc2d00000 rw-p 00000000 00:00 0 
7f5cc2d00000-7f5cc2e00000 rw-p 00000000 00:00 0 
7f5cc2e00000-7f5cc3000000 rw-p 00000000 00:00 0 
7f5cc30fd000-7f5cc3101000 ---p 00000000 00:00 0 
7f5cc3101000-7f5cc31fe000 rw-p 00000000 00:00 0 
7f5cc31fe000-7f5cc3202000 ---p 00000000 00:00 0 
7f5cc3202000-7f5cc32ff000 rw-p 00000000 00:00 0 
7f5cc32ff000-7f5cc3303000 ---p 00000000 00:00 0 
7f5cc3303000-7f5cc3500000 rw-p 00000000 00:00 0 
7f5cc3500000-7f5cc3600000 rw-p 00000000 00:00 0 
7f5cc3600000-7f5cc3900000 rw-p 00000000 00:00 0 
7f5cc3900000-7f5cc3a00000 rw-p 00000000 00:00 0 
7f5cc3a00000-7f5cc3c00000 rw-p 00000000 00:00 0 
7f5cc3cfd000-7f5cc3d01000 ---p 00000000 00:00 0 
7f5cc3d01000-7f5cc3dfe000 rw-p 00000000 00:00 0 
7f5cc3dfe000-7f5cc3e02000 ---p 00000000 00:00 0 
7f5cc3e02000-7f5cc3eff000 rw-p 00000000 00:00 0 
7f5cc3eff000-7f5cc3f03000 ---p 00000000 00:00 0 
7f5cc3f03000-7f5cc4000000 rw-p 00000000 00:00 0 
7f5cc4000000-7f5cc4021000 rw-p 00000000 00:00 0 
7f5cc4021000-7f5cc8000000 ---p 00000000 00:00 0 
7f5cc8000000-7f5cc806e000 rw-p 00000000 00:00 0 
7f5cc806e000-7f5ccc000000 ---p 00000000 00:00 0 
7f5ccc000000-7f5ccc3b1000 rw-p 00000000 00:00 0 
7f5ccc3b1000-7f5cd0000000 ---p 00000000 00:00 0 
7f5cd0000000-7f5cd003e000 rw-p 00000000 00:00 0 
7f5cd003e000-7f5cd4000000 ---p 00000000 00:00 0 
7f5cd4000000-7f5cd4577000 rw-p 00000000 00:00 0 
7f5cd4577000-7f5cd8000000 ---p 00000000 00:00 0 
7f5cd80ed000-7f5cd80f1000 ---p 00000000 00:00 0 
7f5cd80f1000-7f5cd81ee000 rw-p 00000000 00:00 0 
7f5cd81ee000-7f5cd81fe000 r-xp 00000000 08:01 425771                     /home/mininet/.vscode-server/data/User/globalStorage/redhat.java/1.12.0/config_linux/org.eclipse.equinox.launcher/org.eclipse.equinox.launcher.gtk.linux.x86_64_1.2.600.v20220720-1916/eclipse_11701.so
7f5cd81fe000-7f5cd83fd000 ---p 00010000 08:01 425771                     /home/mininet/.vscode-server/data/User/globalStorage/redhat.java/1.12.0/config_linux/org.eclipse.equinox.launcher/org.eclipse.equinox.launcher.gtk.linux.x86_64_1.2.600.v20220720-1916/eclipse_11701.so
7f5cd83fd000-7f5cd83fe000 r--p 0000f000 08:01 425771                     /home/mininet/.vscode-server/data/User/globalStorage/redhat.java/1.12.0/config_linux/org.eclipse.equinox.launcher/org.eclipse.equinox.launcher.gtk.linux.x86_64_1.2.600.v20220720-1916/eclipse_11701.so
7f5cd83fe000-7f5cd83ff000 rw-p 00010000 08:01 425771                     /home/mininet/.vscode-server/data/User/globalStorage/redhat.java/1.12.0/config_linux/org.eclipse.equinox.launcher/org.eclipse.equinox.launcher.gtk.linux.x86_64_1.2.600.v20220720-1916/eclipse_11701.so
7f5cd83ff000-7f5cd8500000 rw-p 00000000 00:00 0 
7f5cd8500000-7f5cd8600000 rw-p 00000000 00:00 0 
7f5cd8600000-7f5cd8700000 rw-p 00000000 00:00 0 
7f5cd8700000-7f5cd8800000 rw-p 00000000 00:00 0 
7f5cd8800000-7f5cd8980000 rw-p 00000000 00:00 0 
7f5cd8980000-7f5cd8a00000 rw-p 00000000 00:00 0 
7f5cd8a00000-7f5cd8b80000 rw-p 00000000 00:00 0 
7f5cd8b80000-7f5cd8c00000 rw-p 00000000 00:00 0 
7f5cd8cc5000-7f5cd8cc9000 ---p 00000000 00:00 0 
7f5cd8cc9000-7f5cd8dc6000 rw-p 00000000 00:00 0 
7f5cd8dc6000-7f5cd8dca000 ---p 00000000 00:00 0 
7f5cd8dca000-7f5cd8ec7000 rw-p 00000000 00:00 0 
7f5cd8ec7000-7f5cd8ecb000 ---p 00000000 00:00 0 
7f5cd8ecb000-7f5cd8fc8000 rw-p 00000000 00:00 0 
7f5cd8fc8000-7f5cd8fc9000 ---p 00000000 00:00 0 
7f5cd8fc9000-7f5cd90ca000 rw-p 00000000 00:00 0 
7f5cd90ca000-7f5cd90ce000 ---p 00000000 00:00 0 
7f5cd90ce000-7f5cd91cb000 rw-p 00000000 00:00 0 
7f5cd91cb000-7f5cd91cf000 ---p 00000000 00:00 0 
7f5cd91cf000-7f5cd92cc000 rw-p 00000000 00:00 0 
7f5cd92cc000-7f5cd92d0000 ---p 00000000 00:00 0 
7f5cd92d0000-7f5cd93cd000 rw-p 00000000 00:00 0 
7f5cd93cd000-7f5cd93d1000 ---p 00000000 00:00 0 
7f5cd93d1000-7f5cd94ce000 rw-p 00000000 00:00 0 
7f5cd94ce000-7f5cd94d2000 ---p 00000000 00:00 0 
7f5cd94d2000-7f5cd95cf000 rw-p 00000000 00:00 0 
7f5cd95cf000-7f5cd95d3000 ---p 00000000 00:00 0 
7f5cd95d3000-7f5cd96d0000 rw-p 00000000 00:00 0 
7f5cd96d0000-7f5cd96d4000 ---p 00000000 00:00 0 
7f5cd96d4000-7f5cd97d1000 rw-p 00000000 00:00 0 
7f5cd97d1000-7f5cd97d5000 ---p 00000000 00:00 0 
7f5cd97d5000-7f5cd98d2000 rw-p 00000000 00:00 0 
7f5cd98d2000-7f5cd9bfb000 r--p 00000000 08:01 139808                     /usr/lib/locale/locale-archive
7f5cd9bfb000-7f5cd9bff000 ---p 00000000 00:00 0 
7f5cd9bff000-7f5cd9cfc000 rw-p 00000000 00:00 0 
7f5cd9cfc000-7f5cd9d00000 ---p 00000000 00:00 0 
7f5cd9d00000-7f5cd9dfd000 rw-p 00000000 00:00 0 
7f5cd9dfd000-7f5cd9dfe000 ---p 00000000 00:00 0 
7f5cd9dfe000-7f5cdc000000 rw-p 00000000 00:00 0 
7f5cdc000000-7f5cdc0ab000 rw-p 00000000 00:00 0 
7f5cdc0ab000-7f5ce0000000 ---p 00000000 00:00 0 
7f5ce00fd000-7f5ce0800000 rw-p 00000000 00:00 0 
7f5ce0800000-7f5ce0880000 rw-p 00000000 00:00 0 
7f5ce0880000-7f5ce0900000 rw-p 00000000 00:00 0 
7f5ce0900000-7f5ce0c00000 rw-p 00000000 00:00 0 
7f5ce0cb9000-7f5ce0cc0000 r--s 00000000 08:01 155548                     /usr/lib/x86_64-linux-gnu/gconv/gconv-modules.cache
7f5ce0cc0000-7f5ce0cc1000 r--p 00000000 08:01 8456                       /home/mininet/.vscode-server/extensions/redhat.java-1.12.0-linux-x64/jre/17.0.4.1-linux-x86_64/lib/libextnet.so
7f5ce0cc1000-7f5ce0cc2000 r-xp 00001000 08:01 8456                       /home/mininet/.vscode-server/extensions/redhat.java-1.12.0-linux-x64/jre/17.0.4.1-linux-x86_64/lib/libextnet.so
7f5ce0cc2000-7f5ce0cc3000 r--p 00002000 08:01 8456                       /home/mininet/.vscode-server/extensions/redhat.java-1.12.0-linux-x64/jre/17.0.4.1-linux-x86_64/lib/libextnet.so
7f5ce0cc3000-7f5ce0cc4000 r--p 00002000 08:01 8456                       /home/mininet/.vscode-server/extensions/redhat.java-1.12.0-linux-x64/jre/17.0.4.1-linux-x86_64/lib/libextnet.so
7f5ce0cc4000-7f5ce0cc5000 rw-p 00003000 08:01 8456                       /home/mininet/.vscode-server/extensions/redhat.java-1.12.0-linux-x64/jre/17.0.4.1-linux-x86_64/lib/libextnet.so
7f5ce0cc5000-7f5ce0cc9000 ---p 00000000 00:00 0 
7f5ce0cc9000-7f5ce0ce7000 rw-p 00000000 00:00 0 
7f5ce0ce7000-7f5ce0ceb000 r--p 00000000 08:01 8476                       /home/mininet/.vscode-server/extensions/redhat.java-1.12.0-linux-x64/jre/17.0.4.1-linux-x86_64/lib/libnet.so
7f5ce0ceb000-7f5ce0cf9000 r-xp 00004000 08:01 8476                       /home/mininet/.vscode-server/extensions/redhat.java-1.12.0-linux-x64/jre/17.0.4.1-linux-x86_64/lib/libnet.so
7f5ce0cf9000-7f5ce0cfd000 r--p 00012000 08:01 8476                       /home/mininet/.vscode-server/extensions/redhat.java-1.12.0-linux-x64/jre/17.0.4.1-linux-x86_64/lib/libnet.so
7f5ce0cfd000-7f5ce0cfe000 r--p 00015000 08:01 8476                       /home/mininet/.vscode-server/extensions/redhat.java-1.12.0-linux-x64/jre/17.0.4.1-linux-x86_64/lib/libnet.so
7f5ce0cfe000-7f5ce0cff000 rw-p 00016000 08:01 8476                       /home/mininet/.vscode-server/extensions/redhat.java-1.12.0-linux-x64/jre/17.0.4.1-linux-x86_64/lib/libnet.so
7f5ce0cff000-7f5ce1000000 rw-p 00000000 00:00 0 
7f5ce1000000-7f5ce1270000 rwxp 00000000 00:00 0 
7f5ce1270000-7f5ce158f000 ---p 00000000 00:00 0 
7f5ce158f000-7f5ce212f000 rwxp 00000000 00:00 0 
7f5ce212f000-7f5ce8ac7000 ---p 00000000 00:00 0 
7f5ce8ac7000-7f5ce8d37000 rwxp 00000000 00:00 0 
7f5ce8d37000-7f5cf0000000 ---p 00000000 00:00 0 
7f5cf0000000-7f5cf0676000 rw-p 00000000 00:00 0 
7f5cf0676000-7f5cf4000000 ---p 00000000 00:00 0 
7f5cf4002000-7f5cf4006000 r--p 00000000 08:01 8483                       /home/mininet/.vscode-server/extensions/redhat.java-1.12.0-linux-x64/jre/17.0.4.1-linux-x86_64/lib/libverify.so
7f5cf4006000-7f5cf400d000 r-xp 00004000 08:01 8483                       /home/mininet/.vscode-server/extensions/redhat.java-1.12.0-linux-x64/jre/17.0.4.1-linux-x86_64/lib/libverify.so
7f5cf400d000-7f5cf400f000 r--p 0000b000 08:01 8483                       /home/mininet/.vscode-server/extensions/redhat.java-1.12.0-linux-x64/jre/17.0.4.1-linux-x86_64/lib/libverify.so
7f5cf400f000-7f5cf4011000 r--p 0000c000 08:01 8483                       /home/mininet/.vscode-server/extensions/redhat.java-1.12.0-linux-x64/jre/17.0.4.1-linux-x86_64/lib/libverify.so
7f5cf4011000-7f5cf4012000 rw-p 0000e000 08:01 8483                       /home/mininet/.vscode-server/extensions/redhat.java-1.12.0-linux-x64/jre/17.0.4.1-linux-x86_64/lib/libverify.so
7f5cf4012000-7f5cf422b000 rw-p 00000000 00:00 0 
7f5cf422b000-7f5cf4345000 ---p 00000000 00:00 0 
7f5cf4345000-7f5cf4346000 ---p 00000000 00:00 0 
7f5cf4346000-7f5cf4483000 rw-p 00000000 00:00 0 
7f5cf4483000-7f5cf459c000 ---p 00000000 00:00 0 
7f5cf459c000-7f5cf45ab000 rw-p 00000000 00:00 0 
7f5cf45ab000-7f5cf4647000 ---p 00000000 00:00 0 
7f5cf4647000-7f5cf464d000 rw-p 00000000 00:00 0 
7f5cf464d000-7f5cf4733000 ---p 00000000 00:00 0 
7f5cf4733000-7f5cf474b000 rw-p 00000000 00:00 0 
7f5cf474b000-7f5cf481e000 ---p 00000000 00:00 0 
7f5cf481e000-7f5cf4829000 r-xp 00000000 08:01 411243                     /lib/x86_64-linux-gnu/libnss_files-2.27.so
7f5cf4829000-7f5cf4a28000 ---p 0000b000 08:01 411243                     /lib/x86_64-linux-gnu/libnss_files-2.27.so
7f5cf4a28000-7f5cf4a29000 r--p 0000a000 08:01 411243                     /lib/x86_64-linux-gnu/libnss_files-2.27.so
7f5cf4a29000-7f5cf4a2a000 rw-p 0000b000 08:01 411243                     /lib/x86_64-linux-gnu/libnss_files-2.27.so
7f5cf4a2a000-7f5cf4a30000 rw-p 00000000 00:00 0 
7f5cf4a30000-7f5cf4a47000 r-xp 00000000 08:01 411240                     /lib/x86_64-linux-gnu/libnsl-2.27.so
7f5cf4a47000-7f5cf4c46000 ---p 00017000 08:01 411240                     /lib/x86_64-linux-gnu/libnsl-2.27.so
7f5cf4c46000-7f5cf4c47000 r--p 00016000 08:01 411240                     /lib/x86_64-linux-gnu/libnsl-2.27.so
7f5cf4c47000-7f5cf4c48000 rw-p 00017000 08:01 411240                     /lib/x86_64-linux-gnu/libnsl-2.27.so
7f5cf4c48000-7f5cf4c4a000 rw-p 00000000 00:00 0 
7f5cf4c4a000-7f5cf4c55000 r-xp 00000000 08:01 411245                     /lib/x86_64-linux-gnu/libnss_nis-2.27.so
7f5cf4c55000-7f5cf4e54000 ---p 0000b000 08:01 411245                     /lib/x86_64-linux-gnu/libnss_nis-2.27.so
7f5cf4e54000-7f5cf4e55000 r--p 0000a000 08:01 411245                     /lib/x86_64-linux-gnu/libnss_nis-2.27.so
7f5cf4e55000-7f5cf4e56000 rw-p 0000b000 08:01 411245                     /lib/x86_64-linux-gnu/libnss_nis-2.27.so
7f5cf4e56000-7f5cf4e5e000 r-xp 00000000 08:01 411241                     /lib/x86_64-linux-gnu/libnss_compat-2.27.so
7f5cf4e5e000-7f5cf505e000 ---p 00008000 08:01 411241                     /lib/x86_64-linux-gnu/libnss_compat-2.27.so
7f5cf505e000-7f5cf505f000 r--p 00008000 08:01 411241                     /lib/x86_64-linux-gnu/libnss_compat-2.27.so
7f5cf505f000-7f5cf5060000 rw-p 00009000 08:01 411241                     /lib/x86_64-linux-gnu/libnss_compat-2.27.so
7f5cf5060000-7f5cf7c70000 r--s 00000000 08:01 8485                       /home/mininet/.vscode-server/extensions/redhat.java-1.12.0-linux-x64/jre/17.0.4.1-linux-x86_64/lib/modules
7f5cf7c70000-7f5cf7e0d000 r-xp 00000000 08:01 411237                     /lib/x86_64-linux-gnu/libm-2.27.so
7f5cf7e0d000-7f5cf800c000 ---p 0019d000 08:01 411237                     /lib/x86_64-linux-gnu/libm-2.27.so
7f5cf800c000-7f5cf800d000 r--p 0019c000 08:01 411237                     /lib/x86_64-linux-gnu/libm-2.27.so
7f5cf800d000-7f5cf800e000 rw-p 0019d000 08:01 411237                     /lib/x86_64-linux-gnu/libm-2.27.so
7f5cf800e000-7f5cf8015000 r-xp 00000000 08:01 411250                     /lib/x86_64-linux-gnu/librt-2.27.so
7f5cf8015000-7f5cf8214000 ---p 00007000 08:01 411250                     /lib/x86_64-linux-gnu/librt-2.27.so
7f5cf8214000-7f5cf8215000 r--p 00006000 08:01 411250                     /lib/x86_64-linux-gnu/librt-2.27.so
7f5cf8215000-7f5cf8216000 rw-p 00007000 08:01 411250                     /lib/x86_64-linux-gnu/librt-2.27.so
7f5cf8216000-7f5cf8467000 r--p 00000000 08:01 8495                       /home/mininet/.vscode-server/extensions/redhat.java-1.12.0-linux-x64/jre/17.0.4.1-linux-x86_64/lib/server/libjvm.so
7f5cf8467000-7f5cf9180000 r-xp 00251000 08:01 8495                       /home/mininet/.vscode-server/extensions/redhat.java-1.12.0-linux-x64/jre/17.0.4.1-linux-x86_64/lib/server/libjvm.so
7f5cf9180000-7f5cf940b000 r--p 00f6a000 08:01 8495                       /home/mininet/.vscode-server/extensions/redhat.java-1.12.0-linux-x64/jre/17.0.4.1-linux-x86_64/lib/server/libjvm.so
7f5cf940b000-7f5cf94c4000 r--p 011f4000 08:01 8495                       /home/mininet/.vscode-server/extensions/redhat.java-1.12.0-linux-x64/jre/17.0.4.1-linux-x86_64/lib/server/libjvm.so
7f5cf94c4000-7f5cf94f9000 rw-p 012ad000 08:01 8495                       /home/mininet/.vscode-server/extensions/redhat.java-1.12.0-linux-x64/jre/17.0.4.1-linux-x86_64/lib/server/libjvm.so
7f5cf94f9000-7f5cf9552000 rw-p 00000000 00:00 0 
7f5cf9552000-7f5cf9739000 r-xp 00000000 08:01 411233                     /lib/x86_64-linux-gnu/libc-2.27.so
7f5cf9739000-7f5cf9939000 ---p 001e7000 08:01 411233                     /lib/x86_64-linux-gnu/libc-2.27.so
7f5cf9939000-7f5cf993d000 r--p 001e7000 08:01 411233                     /lib/x86_64-linux-gnu/libc-2.27.so
7f5cf993d000-7f5cf993f000 rw-p 001eb000 08:01 411233                     /lib/x86_64-linux-gnu/libc-2.27.so
7f5cf993f000-7f5cf9943000 rw-p 00000000 00:00 0 
7f5cf9943000-7f5cf9946000 r-xp 00000000 08:01 411236                     /lib/x86_64-linux-gnu/libdl-2.27.so
7f5cf9946000-7f5cf9b45000 ---p 00003000 08:01 411236                     /lib/x86_64-linux-gnu/libdl-2.27.so
7f5cf9b45000-7f5cf9b46000 r--p 00002000 08:01 411236                     /lib/x86_64-linux-gnu/libdl-2.27.so
7f5cf9b46000-7f5cf9b47000 rw-p 00003000 08:01 411236                     /lib/x86_64-linux-gnu/libdl-2.27.so
7f5cf9b47000-7f5cf9b61000 r-xp 00000000 08:01 411248                     /lib/x86_64-linux-gnu/libpthread-2.27.so
7f5cf9b61000-7f5cf9d60000 ---p 0001a000 08:01 411248                     /lib/x86_64-linux-gnu/libpthread-2.27.so
7f5cf9d60000-7f5cf9d61000 r--p 00019000 08:01 411248                     /lib/x86_64-linux-gnu/libpthread-2.27.so
7f5cf9d61000-7f5cf9d62000 rw-p 0001a000 08:01 411248                     /lib/x86_64-linux-gnu/libpthread-2.27.so
7f5cf9d62000-7f5cf9d66000 rw-p 00000000 00:00 0 
7f5cf9d66000-7f5cf9d82000 r-xp 00000000 08:01 393763                     /lib/x86_64-linux-gnu/libz.so.1.2.11
7f5cf9d82000-7f5cf9f81000 ---p 0001c000 08:01 393763                     /lib/x86_64-linux-gnu/libz.so.1.2.11
7f5cf9f81000-7f5cf9f82000 r--p 0001b000 08:01 393763                     /lib/x86_64-linux-gnu/libz.so.1.2.11
7f5cf9f82000-7f5cf9f83000 rw-p 0001c000 08:01 393763                     /lib/x86_64-linux-gnu/libz.so.1.2.11
7f5cf9f83000-7f5cf9fac000 r-xp 00000000 08:01 410790                     /lib/x86_64-linux-gnu/ld-2.27.so
7f5cf9fb0000-7f5cf9fb7000 r--p 00000000 08:01 8477                       /home/mininet/.vscode-server/extensions/redhat.java-1.12.0-linux-x64/jre/17.0.4.1-linux-x86_64/lib/libnio.so
7f5cf9fb7000-7f5cf9fc0000 r-xp 00007000 08:01 8477                       /home/mininet/.vscode-server/extensions/redhat.java-1.12.0-linux-x64/jre/17.0.4.1-linux-x86_64/lib/libnio.so
7f5cf9fc0000-7f5cf9fc4000 r--p 00010000 08:01 8477                       /home/mininet/.vscode-server/extensions/redhat.java-1.12.0-linux-x64/jre/17.0.4.1-linux-x86_64/lib/libnio.so
7f5cf9fc4000-7f5cf9fc5000 ---p 00014000 08:01 8477                       /home/mininet/.vscode-server/extensions/redhat.java-1.12.0-linux-x64/jre/17.0.4.1-linux-x86_64/lib/libnio.so
7f5cf9fc5000-7f5cf9fc6000 r--p 00014000 08:01 8477                       /home/mininet/.vscode-server/extensions/redhat.java-1.12.0-linux-x64/jre/17.0.4.1-linux-x86_64/lib/libnio.so
7f5cf9fc6000-7f5cf9fc7000 rw-p 00015000 08:01 8477                       /home/mininet/.vscode-server/extensions/redhat.java-1.12.0-linux-x64/jre/17.0.4.1-linux-x86_64/lib/libnio.so
7f5cf9fc7000-7f5cf9fc9000 r--p 00000000 08:01 8484                       /home/mininet/.vscode-server/extensions/redhat.java-1.12.0-linux-x64/jre/17.0.4.1-linux-x86_64/lib/libzip.so
7f5cf9fc9000-7f5cf9fcd000 r-xp 00002000 08:01 8484                       /home/mininet/.vscode-server/extensions/redhat.java-1.12.0-linux-x64/jre/17.0.4.1-linux-x86_64/lib/libzip.so
7f5cf9fcd000-7f5cf9fcf000 r--p 00006000 08:01 8484                       /home/mininet/.vscode-server/extensions/redhat.java-1.12.0-linux-x64/jre/17.0.4.1-linux-x86_64/lib/libzip.so
7f5cf9fcf000-7f5cf9fd0000 r--p 00007000 08:01 8484                       /home/mininet/.vscode-server/extensions/redhat.java-1.12.0-linux-x64/jre/17.0.4.1-linux-x86_64/lib/libzip.so
7f5cf9fd0000-7f5cf9fd1000 rw-p 00008000 08:01 8484                       /home/mininet/.vscode-server/extensions/redhat.java-1.12.0-linux-x64/jre/17.0.4.1-linux-x86_64/lib/libzip.so
7f5cf9fd1000-7f5cfa02b000 rw-p 00000000 00:00 0 
7f5cfa02b000-7f5cfa032000 ---p 00000000 00:00 0 
7f5cfa032000-7f5cfa03f000 r--p 00000000 08:01 8463                       /home/mininet/.vscode-server/extensions/redhat.java-1.12.0-linux-x64/jre/17.0.4.1-linux-x86_64/lib/libjava.so
7f5cfa03f000-7f5cfa051000 r-xp 0000d000 08:01 8463                       /home/mininet/.vscode-server/extensions/redhat.java-1.12.0-linux-x64/jre/17.0.4.1-linux-x86_64/lib/libjava.so
7f5cfa051000-7f5cfa057000 r--p 0001f000 08:01 8463                       /home/mininet/.vscode-server/extensions/redhat.java-1.12.0-linux-x64/jre/17.0.4.1-linux-x86_64/lib/libjava.so
7f5cfa057000-7f5cfa058000 ---p 00025000 08:01 8463                       /home/mininet/.vscode-server/extensions/redhat.java-1.12.0-linux-x64/jre/17.0.4.1-linux-x86_64/lib/libjava.so
7f5cfa058000-7f5cfa059000 r--p 00025000 08:01 8463                       /home/mininet/.vscode-server/extensions/redhat.java-1.12.0-linux-x64/jre/17.0.4.1-linux-x86_64/lib/libjava.so
7f5cfa059000-7f5cfa05a000 rw-p 00026000 08:01 8463                       /home/mininet/.vscode-server/extensions/redhat.java-1.12.0-linux-x64/jre/17.0.4.1-linux-x86_64/lib/libjava.so
7f5cfa05a000-7f5cfa05b000 rw-p 00000000 00:00 0 
7f5cfa05b000-7f5cfa05d000 r--p 00000000 08:01 8458                       /home/mininet/.vscode-server/extensions/redhat.java-1.12.0-linux-x64/jre/17.0.4.1-linux-x86_64/lib/libinstrument.so
7f5cfa05d000-7f5cfa063000 r-xp 00002000 08:01 8458                       /home/mininet/.vscode-server/extensions/redhat.java-1.12.0-linux-x64/jre/17.0.4.1-linux-x86_64/lib/libinstrument.so
7f5cfa063000-7f5cfa066000 r--p 00008000 08:01 8458                       /home/mininet/.vscode-server/extensions/redhat.java-1.12.0-linux-x64/jre/17.0.4.1-linux-x86_64/lib/libinstrument.so
7f5cfa066000-7f5cfa067000 r--p 0000a000 08:01 8458                       /home/mininet/.vscode-server/extensions/redhat.java-1.12.0-linux-x64/jre/17.0.4.1-linux-x86_64/lib/libinstrument.so
7f5cfa067000-7f5cfa068000 rw-p 0000b000 08:01 8458                       /home/mininet/.vscode-server/extensions/redhat.java-1.12.0-linux-x64/jre/17.0.4.1-linux-x86_64/lib/libinstrument.so
7f5cfa068000-7f5cfa06c000 r--p 00000000 08:01 8467                       /home/mininet/.vscode-server/extensions/redhat.java-1.12.0-linux-x64/jre/17.0.4.1-linux-x86_64/lib/libjimage.so
7f5cfa06c000-7f5cfa07f000 r-xp 00004000 08:01 8467                       /home/mininet/.vscode-server/extensions/redhat.java-1.12.0-linux-x64/jre/17.0.4.1-linux-x86_64/lib/libjimage.so
7f5cfa07f000-7f5cfa085000 r--p 00017000 08:01 8467                       /home/mininet/.vscode-server/extensions/redhat.java-1.12.0-linux-x64/jre/17.0.4.1-linux-x86_64/lib/libjimage.so
7f5cfa085000-7f5cfa087000 r--p 0001c000 08:01 8467                       /home/mininet/.vscode-server/extensions/redhat.java-1.12.0-linux-x64/jre/17.0.4.1-linux-x86_64/lib/libjimage.so
7f5cfa087000-7f5cfa088000 rw-p 0001e000 08:01 8467                       /home/mininet/.vscode-server/extensions/redhat.java-1.12.0-linux-x64/jre/17.0.4.1-linux-x86_64/lib/libjimage.so
7f5cfa088000-7f5cfa08c000 ---p 00000000 00:00 0 
7f5cfa08c000-7f5cfa18b000 rw-p 00000000 00:00 0 
7f5cfa18b000-7f5cfa18e000 r--p 00000000 08:01 8468                       /home/mininet/.vscode-server/extensions/redhat.java-1.12.0-linux-x64/jre/17.0.4.1-linux-x86_64/lib/libjli.so
7f5cfa18e000-7f5cfa198000 r-xp 00003000 08:01 8468                       /home/mininet/.vscode-server/extensions/redhat.java-1.12.0-linux-x64/jre/17.0.4.1-linux-x86_64/lib/libjli.so
7f5cfa198000-7f5cfa19b000 r--p 0000d000 08:01 8468                       /home/mininet/.vscode-server/extensions/redhat.java-1.12.0-linux-x64/jre/17.0.4.1-linux-x86_64/lib/libjli.so
7f5cfa19b000-7f5cfa19c000 ---p 00010000 08:01 8468                       /home/mininet/.vscode-server/extensions/redhat.java-1.12.0-linux-x64/jre/17.0.4.1-linux-x86_64/lib/libjli.so
7f5cfa19c000-7f5cfa19d000 r--p 00010000 08:01 8468                       /home/mininet/.vscode-server/extensions/redhat.java-1.12.0-linux-x64/jre/17.0.4.1-linux-x86_64/lib/libjli.so
7f5cfa19d000-7f5cfa19e000 rw-p 00011000 08:01 8468                       /home/mininet/.vscode-server/extensions/redhat.java-1.12.0-linux-x64/jre/17.0.4.1-linux-x86_64/lib/libjli.so
7f5cfa19f000-7f5cfa1a7000 rw-s 00000000 08:01 290793                     /tmp/hsperfdata_mininet/19217
7f5cfa1a7000-7f5cfa1a8000 ---p 00000000 00:00 0 
7f5cfa1a8000-7f5cfa1a9000 r--p 00000000 00:00 0 
7f5cfa1a9000-7f5cfa1aa000 ---p 00000000 00:00 0 
7f5cfa1aa000-7f5cfa1ac000 rw-p 00000000 00:00 0 
7f5cfa1ac000-7f5cfa1ad000 r--p 00029000 08:01 410790                     /lib/x86_64-linux-gnu/ld-2.27.so
7f5cfa1ad000-7f5cfa1ae000 rw-p 0002a000 08:01 410790                     /lib/x86_64-linux-gnu/ld-2.27.so
7f5cfa1ae000-7f5cfa1af000 rw-p 00000000 00:00 0 
7ffe89503000-7ffe89524000 rw-p 00000000 00:00 0                          [stack]
7ffe89583000-7ffe89586000 r--p 00000000 00:00 0                          [vvar]
7ffe89586000-7ffe89588000 r-xp 00000000 00:00 0                          [vdso]
ffffffffff600000-ffffffffff601000 r-xp 00000000 00:00 0                  [vsyscall]


VM Arguments:
jvm_args: --add-modules=ALL-SYSTEM --add-opens=java.base/java.util=ALL-UNNAMED --add-opens=java.base/java.lang=ALL-UNNAMED --add-opens=java.base/sun.nio.fs=ALL-UNNAMED -Declipse.application=org.eclipse.jdt.ls.core.id1 -Dosgi.bundles.defaultStartLevel=4 -Declipse.product=org.eclipse.jdt.ls.core.product -Djava.import.generatesMetadataFilesAtProjectRoot=false -Dfile.encoding=utf8 -XX:+UseParallelGC -XX:GCTimeRatio=4 -XX:AdaptiveSizePolicyWeight=90 -Dsun.zip.disableMemoryMapping=true -Xmx1G -Xms100m -Xlog:disable -javaagent:/home/mininet/.vscode-server/extensions/redhat.java-1.12.0-linux-x64/lombok/lombok-1.18.24.jar -XX:+HeapDumpOnOutOfMemoryError -XX:HeapDumpPath=/home/mininet/.vscode-server/data/User/workspaceStorage/f2e43797cc976e56f3d55982a4907c85/redhat.java 
java_command: /home/mininet/.vscode-server/extensions/redhat.java-1.12.0-linux-x64/server/plugins/org.eclipse.equinox.launcher_1.6.400.v20210924-0641.jar -configuration /home/mininet/.vscode-server/data/User/globalStorage/redhat.java/1.12.0/config_linux -data /home/mininet/.vscode-server/data/User/workspaceStorage/f2e43797cc976e56f3d55982a4907c85/redhat.java/jdt_ws
java_class_path (initial): /home/mininet/.vscode-server/extensions/redhat.java-1.12.0-linux-x64/server/plugins/org.eclipse.equinox.launcher_1.6.400.v20210924-0641.jar
Launcher Type: SUN_STANDARD

[Global flags]
    uintx AdaptiveSizePolicyWeight                 = 90                                        {product} {command line}
     intx CICompilerCount                          = 2                                         {product} {ergonomic}
    uintx GCTimeRatio                              = 4                                         {product} {command line}
     bool HeapDumpOnOutOfMemoryError               = true                                   {manageable} {command line}
    ccstr HeapDumpPath                             = /home/mininet/.vscode-server/data/User/workspaceStorage/f2e43797cc976e56f3d55982a4907c85/redhat.java         {manageable} {command line}
   size_t InitialHeapSize                          = 104857600                                 {product} {command line}
   size_t MaxHeapSize                              = 1073741824                                {product} {command line}
   size_t MaxNewSize                               = 357564416                                 {product} {ergonomic}
   size_t MinHeapDeltaBytes                        = 524288                                    {product} {ergonomic}
   size_t MinHeapSize                              = 104857600                                 {product} {command line}
   size_t NewSize                                  = 34603008                                  {product} {ergonomic}
    uintx NonNMethodCodeHeapSize                   = 5826188                                {pd product} {ergonomic}
    uintx NonProfiledCodeHeapSize                  = 122916026                              {pd product} {ergonomic}
   size_t OldSize                                  = 70254592                                  {product} {ergonomic}
    uintx ProfiledCodeHeapSize                     = 122916026                              {pd product} {ergonomic}
    uintx ReservedCodeCacheSize                    = 251658240                              {pd product} {ergonomic}
     bool SegmentedCodeCache                       = true                                      {product} {ergonomic}
   size_t SoftMaxHeapSize                          = 1073741824                             {manageable} {ergonomic}
     bool UseCompressedClassPointers               = true                           {product lp64_product} {ergonomic}
     bool UseCompressedOops                        = true                           {product lp64_product} {ergonomic}
     bool UseParallelGC                            = true                                      {product} {command line}

Logging:
Log output configuration:
 #0: stdout all=off uptime,level,tags
 #1: stderr all=off uptime,level,tags

Environment Variables:
PATH=/home/mininet/.vscode-server/bin/d045a5eda657f4d7b676dedbfa7aab8207f8a075/bin/remote-cli:/usr/local/sbin:/usr/local/bin:/usr/sbin:/usr/bin:/sbin:/bin:/usr/games:/usr/local/games
SHELL=/bin/bash
LANG=en_US

Signal Handlers:
   SIGSEGV: crash_handler in libjvm.so, mask=11100100010111111101111111111110, flags=SA_RESTART|SA_SIGINFO
    SIGBUS: crash_handler in libjvm.so, mask=11100100010111111101111111111110, flags=SA_RESTART|SA_SIGINFO
    SIGFPE: crash_handler in libjvm.so, mask=11100100010111111101111111111110, flags=SA_RESTART|SA_SIGINFO
   SIGPIPE: javaSignalHandler in libjvm.so, mask=11100100010111111101111111111110, flags=SA_RESTART|SA_SIGINFO
   SIGXFSZ: javaSignalHandler in libjvm.so, mask=11100100010111111101111111111110, flags=SA_RESTART|SA_SIGINFO
    SIGILL: crash_handler in libjvm.so, mask=11100100010111111101111111111110, flags=SA_RESTART|SA_SIGINFO
   SIGUSR2: SR_handler in libjvm.so, mask=00000000000000000000000000000000, flags=SA_RESTART|SA_SIGINFO
    SIGHUP: UserHandler in libjvm.so, mask=11100100010111111101111111111110, flags=SA_RESTART|SA_SIGINFO
    SIGINT: UserHandler in libjvm.so, mask=11100100010111111101111111111110, flags=SA_RESTART|SA_SIGINFO
   SIGTERM: UserHandler in libjvm.so, mask=11100100010111111101111111111110, flags=SA_RESTART|SA_SIGINFO
   SIGQUIT: UserHandler in libjvm.so, mask=11100100010111111101111111111110, flags=SA_RESTART|SA_SIGINFO
  *** Handler was modified!
  *** Expected: javaSignalHandler in libjvm.so, mask=11100100110111111111111111111110, flags=SA_RESTART|SA_SIGINFO
   SIGTRAP: crash_handler in libjvm.so, mask=11100100010111111101111111111110, flags=SA_RESTART|SA_SIGINFO


---------------  S Y S T E M  ---------------

OS:
DISTRIB_ID=Ubuntu
DISTRIB_RELEASE=18.04
DISTRIB_CODENAME=bionic
DISTRIB_DESCRIPTION="Ubuntu 18.04.5 LTS"
uname: Linux 4.15.0-112-generic #113-Ubuntu SMP Thu Jul 9 23:41:39 UTC 2020 x86_64
OS uptime: 0 days 7:49 hours
libc: glibc 2.27 NPTL 2.27 
rlimit (soft/hard): STACK 8192k/infinity , CORE 0k/infinity , NPROC 3764/3764 , NOFILE 1048576/1048576 , AS infinity/infinity , CPU infinity/infinity , DATA infinity/infinity , FSIZE infinity/infinity , MEMLOCK 16384k/16384k
load average: 2.82 0.75 0.31

/proc/meminfo:
MemTotal:        1008784 kB
MemFree:           61052 kB
MemAvailable:       7256 kB
Buffers:             992 kB
Cached:            28428 kB
SwapCached:         5088 kB
Active:           421568 kB
Inactive:         427500 kB
Active(anon):     416452 kB
Inactive(anon):   412592 kB
Active(file):       5116 kB
Inactive(file):    14908 kB
Unevictable:       35940 kB
Mlocked:           35940 kB
SwapTotal:        385836 kB
SwapFree:              0 kB
Dirty:               820 kB
Writeback:             0 kB
AnonPages:        851152 kB
Mapped:            21096 kB
Shmem:                20 kB
Slab:              29132 kB
SReclaimable:      14904 kB
SUnreclaim:        14228 kB
KernelStack:        4448 kB
PageTables:        12372 kB
NFS_Unstable:          0 kB
Bounce:                0 kB
WritebackTmp:          0 kB
CommitLimit:      890228 kB
Committed_AS:    2144516 kB
VmallocTotal:   34359738367 kB
VmallocUsed:           0 kB
VmallocChunk:          0 kB
HardwareCorrupted:     0 kB
AnonHugePages:         0 kB
ShmemHugePages:        0 kB
ShmemPmdMapped:        0 kB
CmaTotal:              0 kB
CmaFree:               0 kB
HugePages_Total:       0
HugePages_Free:        0
HugePages_Rsvd:        0
HugePages_Surp:        0
Hugepagesize:       2048 kB
DirectMap4k:       90048 kB
DirectMap2M:      958464 kB

/sys/kernel/mm/transparent_hugepage/enabled: always [madvise] never
/sys/kernel/mm/transparent_hugepage/defrag (defrag/compaction efforts parameter): always defer defer+madvise [madvise] never

Process Memory:
Virtual Size: 3245708K (peak: 3281388K)
Resident Set Size: 304532K (peak: 310772K) (anon: 298628K, file: 5904K, shmem: 0K)
Swapped out: 0K
C-Heap outstanding allocations: 67770K, retained: 9437K
glibc malloc tunables: (default)

/proc/sys/kernel/threads-max (system-wide limit on the number of threads): 7529
/proc/sys/vm/max_map_count (maximum number of memory map areas a process may have): 65530
/proc/sys/kernel/pid_max (system-wide limit on number of process identifiers): 32768

container (cgroup) information:
container_type: cgroupv1
cpu_cpuset_cpus: 0
cpu_memory_nodes: 0
active_processor_count: 1
cpu_quota: no quota
cpu_period: 100000
cpu_shares: no shares
memory_limit_in_bytes: unlimited
memory_and_swap_limit_in_bytes: not supported
memory_soft_limit_in_bytes: unlimited
memory_usage_in_bytes: 884644 k
memory_max_usage_in_bytes: unlimited
maximum number of tasks: unlimited
current number of tasks: 192

KVM virtualization detected
Steal ticks since vm start: 0
Steal ticks percentage since vm start:  0.000

CPU: total 1 (initial active 1) (1 cores per cpu, 1 threads per core) family 25 model 80 stepping 0 microcode 0xffffffff, cx8, cmov, fxsr, mmx, sse, sse2, sse3, ssse3, sse4.1, sse4.2, tsc, tscinvbit, clflush, hv
CPU Model and flags from /proc/cpuinfo:
model name	: AMD Ryzen 7 5800H with Radeon Graphics
flags		: fpu vme de pse tsc msr pae mce cx8 apic sep mtrr pge mca cmov pat pse36 clflush mmx fxsr sse sse2 ht syscall nx fxsr_opt rdtscp lm constant_tsc rep_good nopl nonstop_tsc cpuid extd_apicid tsc_known_freq pni ssse3 cx16 sse4_1 sse4_2 hypervisor lahf_lm cr8_legacy 3dnowprefetch vmmcall fsgsbase arat

Online cpus: 0
Offline cpus: 
BIOS frequency limitation: <Not Available>
Frequency switch latency (ns): <Not Available>
Available cpu frequencies: <Not Available>
Current governor: <Not Available>
Core performance/turbo boost: <Not Available>

Memory: 4k page, physical 1008784k(61052k free), swap 385836k(0k free)
Page Sizes: 4k

vm_info: OpenJDK 64-Bit Server VM (17.0.4.1+1) for linux-amd64 JRE (17.0.4.1+1), built on Aug 12 2022 00:00:00 by "temurin" with gcc 10.3.0

END.
